{"Type":"Asset Specs","Data":{"UC":{"LotSize":"1","SettlementCurrency":""},"UC100C":{"LotSize":"100","SettlementCurrency":""},"UC100P":{"LotSize":"100","SettlementCurrency":""},"UC105C":{"LotSize":"100","SettlementCurrency":""},"UC105P":{"LotSize":"100","SettlementCurrency":""},"UC110C":{"LotSize":"100","SettlementCurrency":""},"UC110P":{"LotSize":"100","SettlementCurrency":""},"UC90C":{"LotSize":"100","SettlementCurrency":""},"UC90P":{"LotSize":"100","SettlementCurrency":""},"UC95C":{"LotSize":"100","SettlementCurrency":""},"UC95P":{"LotSize":"100","SettlementCurrency":""}},"Timestamp":"2022-04-01T06:30:47.711372872-04:00"}
{"Type":"MarkPrices","Data":{},"Timestamp":"2022-04-01T06:30:48.709974422-04:00"}
{"Type":"MarkPrices","Data":{},"Timestamp":"2022-04-01T06:30:49.709633432-04:00"}
{"Type":"MarkPrices","Data":{},"Timestamp":"2022-04-01T06:30:50.710480608-04:00"}
{"Type":"MarkPrices","Data":{"UC":"100.01","UC100C":"6.7","UC100P":"6.7","UC105C":"5","UC105P":"10","UC110C":"3.9","UC110P":"13.9","UC90C":"13.4","UC90P":"3.4","UC95C":"9.6","UC95P":"4.6"},"Timestamp":"2022-04-01T06:30:51.710115464-04:00"}
{"Type":"Account Info","Data":{"Acct":{"Cash":"0","Positions":{}},"User":"Case2ExampleBot_1469"},"Timestamp":"2022-04-01T06:30:51.710340991-04:00"}
{"Type":"MarkPrices","Data":{"UC":"100.02","UC100C":"6.7","UC100P":"6.7","UC105C":"5","UC105P":"10","UC110C":"3.9","UC110P":"13.9","UC90C":"13.4","UC90P":"3.4","UC95C":"9.6","UC95P":"4.6"},"Timestamp":"2022-04-01T06:30:52.709551609-04:00"}
{"Type":"Account Info","Data":{"Acct":{"Cash":"0","Positions":{}},"User":"Case2ExampleBot_1469"},"Timestamp":"2022-04-01T06:30:52.709635131-04:00"}
{"Type":"MarkPrices","Data":{"UC":"100.02","UC100C":"6.7","UC100P":"6.7","UC105C":"5","UC105P":"10","UC110C":"3.9","UC110P":"13.9","UC90C":"13.4","UC90P":"3.4","UC95C":"9.6","UC95P":"4.6"},"Timestamp":"2022-04-01T06:30:53.709533207-04:00"}
{"Type":"Account Info","Data":{"Acct":{"Cash":"0","Positions":{}},"User":"Case2ExampleBot_1469"},"Timestamp":"2022-04-01T06:30:53.709583549-04:00"}
{"Type":"MarkPrices","Data":{"UC":"100","UC100C":"6.7","UC100P":"6.7","UC105C":"5","UC105P":"10","UC110C":"3.9","UC110P":"13.9","UC90C":"13.4","UC90P":"3.4","UC95C":"9.6","UC95P":"4.6"},"Timestamp":"2022-04-01T06:30:54.709647708-04:00"}
{"Type":"Account Info","Data":{"Acct":{"Cash":"0","Positions":{}},"User":"Case2ExampleBot_1469"},"Timestamp":"2022-04-01T06:30:54.709936282-04:00"}
{"Type":"MarkPrices","Data":{"UC":"99.95","UC100C":"6.7","UC100P":"6.7","UC105C":"5","UC105P":"10","UC110C":"3.9","UC110P":"13.9","UC90C":"13.4","UC90P":"3.4","UC95C":"9.6","UC95P":"4.6"},"Timestamp":"2022-04-01T06:30:55.709674227-04:00"}
{"Type":"Account Info","Data":{"Acct":{"Cash":"0","Positions":{}},"User":"Case2ExampleBot_1469"},"Timestamp":"2022-04-01T06:30:55.709767133-04:00"}
{"Type":"MarkPrices","Data":{"UC":"100.07","UC100C":"6.7","UC100P":"6.7","UC105C":"5","UC105P":"10","UC110C":"3.9","UC110P":"13.9","UC90C":"13.4","UC90P":"3.4","UC95C":"9.6","UC95P":"4.6"},"Timestamp":"2022-04-01T06:30:56.709977007-04:00"}
{"Type":"Account Info","Data":{"Acct":{"Cash":"0","Positions":{}},"User":"Case2ExampleBot_1469"},"Timestamp":"2022-04-01T06:30:56.710043223-04:00"}
{"Type":"MarkPrices","Data":{"UC":"100.34","UC100C":"6.7","UC100P":"6.7","UC105C":"5","UC105P":"10","UC110C":"3.9","UC110P":"13.9","UC90C":"13.4","UC90P":"3.4","UC95C":"9.6","UC95P":"4.6"},"Timestamp":"2022-04-01T06:30:57.70965469-04:00"}
{"Type":"Account Info","Data":{"Acct":{"Cash":"0","Positions":{}},"User":"Case2ExampleBot_1469"},"Timestamp":"2022-04-01T06:30:57.709745356-04:00"}
{"Type":"MarkPrices","Data":{"UC":"100.26","UC100C":"6.7","UC100P":"6.7","UC105C":"5","UC105P":"10","UC110C":"3.9","UC110P":"13.9","UC90C":"13.4","UC90P":"3.4","UC95C":"9.6","UC95P":"4.6"},"Timestamp":"2022-04-01T06:30:58.71085312-04:00"}
{"Type":"Account Info","Data":{"Acct":{"Cash":"0","Positions":{}},"User":"Case2ExampleBot_1469"},"Timestamp":"2022-04-01T06:30:58.710931933-04:00"}
{"Type":"MarkPrices","Data":{"UC":"100.16","UC100C":"6.7","UC100P":"6.7","UC105C":"5","UC105P":"10","UC110C":"3.9","UC110P":"13.9","UC90C":"13.4","UC90P":"3.4","UC95C":"9.6","UC95P":"4.6"},"Timestamp":"2022-04-01T06:30:59.709828407-04:00"}
{"Type":"Account Info","Data":{"Acct":{"Cash":"0","Positions":{}},"User":"Case2ExampleBot_1469"},"Timestamp":"2022-04-01T06:30:59.70990847-04:00"}
{"Type":"MarkPrices","Data":{"UC":"100.31","UC100C":"6.7","UC100P":"6.7","UC105C":"5","UC105P":"10","UC110C":"3.9","UC110P":"13.9","UC90C":"13.4","UC90P":"3.4","UC95C":"9.6","UC95P":"4.6"},"Timestamp":"2022-04-01T06:31:00.709530384-04:00"}
{"Type":"Account Info","Data":{"Acct":{"Cash":"0","Positions":{}},"User":"Case2ExampleBot_1469"},"Timestamp":"2022-04-01T06:31:00.70959315-04:00"}
{"Type":"MarkPrices","Data":{"UC":"100.23","UC100C":"6.7","UC100P":"6.7","UC105C":"5","UC105P":"10","UC110C":"3.9","UC110P":"13.9","UC90C":"13.4","UC90P":"3.4","UC95C":"9.6","UC95P":"4.6"},"Timestamp":"2022-04-01T06:31:01.709560176-04:00"}
{"Type":"Account Info","Data":{"Acct":{"Cash":"0","Positions":{}},"User":"Case2ExampleBot_1469"},"Timestamp":"2022-04-01T06:31:01.709622735-04:00"}
{"Type":"MarkPrices","Data":{"UC":"100.29","UC100C":"6.7","UC100P":"6.7","UC105C":"5","UC105P":"10","UC110C":"3.9","UC110P":"13.9","UC90C":"13.4","UC90P":"3.4","UC95C":"9.6","UC95P":"4.6"},"Timestamp":"2022-04-01T06:31:02.709963337-04:00"}
{"Type":"Account Info","Data":{"Acct":{"Cash":"0","Positions":{}},"User":"Case2ExampleBot_1469"},"Timestamp":"2022-04-01T06:31:02.710200331-04:00"}
{"Type":"MarkPrices","Data":{"UC":"100.3","UC100C":"6.7","UC100P":"6.7","UC105C":"5","UC105P":"10","UC110C":"3.9","UC110P":"13.9","UC90C":"13.4","UC90P":"3.4","UC95C":"9.6","UC95P":"4.6"},"Timestamp":"2022-04-01T06:31:03.710361024-04:00"}
{"Type":"Account Info","Data":{"Acct":{"Cash":"0","Positions":{}},"User":"Case2ExampleBot_1469"},"Timestamp":"2022-04-01T06:31:03.710522926-04:00"}
{"Type":"MarkPrices","Data":{"UC":"100.14","UC100C":"6.7","UC100P":"6.7","UC105C":"5","UC105P":"10","UC110C":"3.9","UC110P":"13.9","UC90C":"13.4","UC90P":"3.4","UC95C":"9.6","UC95P":"4.6"},"Timestamp":"2022-04-01T06:31:04.710485369-04:00"}
{"Type":"Account Info","Data":{"Acct":{"Cash":"0","Positions":{}},"User":"Case2ExampleBot_1469"},"Timestamp":"2022-04-01T06:31:04.710674716-04:00"}
{"Type":"MarkPrices","Data":{"UC":"99.91","UC100C":"6.7","UC100P":"6.7","UC105C":"5","UC105P":"10","UC110C":"3.9","UC110P":"13.9","UC90C":"13.4","UC90P":"3.4","UC95C":"9.6","UC95P":"4.6"},"Timestamp":"2022-04-01T06:31:05.710184388-04:00"}
{"Type":"Account Info","Data":{"Acct":{"Cash":"0","Positions":{}},"User":"Case2ExampleBot_1469"},"Timestamp":"2022-04-01T06:31:05.71096158-04:00"}
{"Type":"MarkPrices","Data":{"UC":"99.85","UC100C":"6.7","UC100P":"6.7","UC105C":"5","UC105P":"10","UC110C":"3.9","UC110P":"13.9","UC90C":"13.4","UC90P":"3.4","UC95C":"9.6","UC95P":"4.6"},"Timestamp":"2022-04-01T06:31:06.709687916-04:00"}
{"Type":"Account Info","Data":{"Acct":{"Cash":"0","Positions":{}},"User":"Case2ExampleBot_1469"},"Timestamp":"2022-04-01T06:31:06.709780504-04:00"}
{"Type":"MarkPrices","Data":{"UC":"99.74","UC100C":"6.7","UC100P":"6.7","UC105C":"5","UC105P":"10","UC110C":"3.9","UC110P":"13.9","UC90C":"13.4","UC90P":"3.4","UC95C":"9.6","UC95P":"4.6"},"Timestamp":"2022-04-01T06:31:07.710478718-04:00"}
{"Type":"Account Info","Data":{"Acct":{"Cash":"0","Positions":{}},"User":"Case2ExampleBot_1469"},"Timestamp":"2022-04-01T06:31:07.710538857-04:00"}
{"Type":"MarkPrices","Data":{"UC":"99.85","UC100C":"6.7","UC100P":"6.7","UC105C":"5","UC105P":"10","UC110C":"3.9","UC110P":"13.9","UC90C":"13.4","UC90P":"3.4","UC95C":"9.6","UC95P":"4.6"},"Timestamp":"2022-04-01T06:31:08.709755744-04:00"}
{"Type":"Account Info","Data":{"Acct":{"Cash":"0","Positions":{}},"User":"Case2ExampleBot_1469"},"Timestamp":"2022-04-01T06:31:08.709877282-04:00"}
{"Type":"MarkPrices","Data":{"UC":"99.66","UC100C":"6.7","UC100P":"6.7","UC105C":"5","UC105P":"10","UC110C":"3.9","UC110P":"13.9","UC90C":"13.4","UC90P":"3.4","UC95C":"9.6","UC95P":"4.6"},"Timestamp":"2022-04-01T06:31:09.710288275-04:00"}
{"Type":"Account Info","Data":{"Acct":{"Cash":"0","Positions":{}},"User":"Case2ExampleBot_1469"},"Timestamp":"2022-04-01T06:31:09.710423085-04:00"}
{"Type":"MarkPrices","Data":{"UC":"99.85","UC100C":"6.7","UC100P":"6.7","UC105C":"5","UC105P":"10","UC110C":"3.9","UC110P":"13.9","UC90C":"13.4","UC90P":"3.4","UC95C":"9.6","UC95P":"4.6"},"Timestamp":"2022-04-01T06:31:10.710799685-04:00"}
{"Type":"Account Info","Data":{"Acct":{"Cash":"0","Positions":{}},"User":"Case2ExampleBot_1469"},"Timestamp":"2022-04-01T06:31:10.710882637-04:00"}
{"Type":"MarkPrices","Data":{"UC":"100.01","UC100C":"6.7","UC100P":"6.7","UC105C":"5","UC105P":"10","UC110C":"3.9","UC110P":"13.9","UC90C":"13.4","UC90P":"3.4","UC95C":"9.6","UC95P":"4.6"},"Timestamp":"2022-04-01T06:31:11.709664694-04:00"}
{"Type":"Account Info","Data":{"Acct":{"Cash":"0","Positions":{}},"User":"Case2ExampleBot_1469"},"Timestamp":"2022-04-01T06:31:11.709749691-04:00"}
{"Type":"MarkPrices","Data":{"UC":"100.2","UC100C":"6.7","UC100P":"6.7","UC105C":"5","UC105P":"10","UC110C":"3.9","UC110P":"13.9","UC90C":"13.4","UC90P":"3.4","UC95C":"9.6","UC95P":"4.6"},"Timestamp":"2022-04-01T06:31:12.710757155-04:00"}
{"Type":"Account Info","Data":{"Acct":{"Cash":"0","Positions":{}},"User":"Case2ExampleBot_1469"},"Timestamp":"2022-04-01T06:31:12.710849766-04:00"}
{"Type":"MarkPrices","Data":{"UC":"100.09","UC100C":"6.7","UC100P":"6.7","UC105C":"5","UC105P":"10","UC110C":"3.9","UC110P":"13.9","UC90C":"13.4","UC90P":"3.4","UC95C":"9.6","UC95P":"4.6"},"Timestamp":"2022-04-01T06:31:13.71001895-04:00"}
{"Type":"Account Info","Data":{"Acct":{"Cash":"0","Positions":{}},"User":"Case2ExampleBot_1469"},"Timestamp":"2022-04-01T06:31:13.710108211-04:00"}
{"Type":"MarkPrices","Data":{"UC":"100.14","UC100C":"6.7","UC100P":"6.7","UC105C":"5","UC105P":"10","UC110C":"3.9","UC110P":"13.9","UC90C":"13.4","UC90P":"3.4","UC95C":"9.6","UC95P":"4.6"},"Timestamp":"2022-04-01T06:31:14.709681297-04:00"}
{"Type":"Account Info","Data":{"Acct":{"Cash":"0","Positions":{}},"User":"Case2ExampleBot_1469"},"Timestamp":"2022-04-01T06:31:14.709764537-04:00"}
{"Type":"MarkPrices","Data":{"UC":"100.15","UC100C":"6.7","UC100P":"6.7","UC105C":"5","UC105P":"10","UC110C":"3.9","UC110P":"13.9","UC90C":"13.4","UC90P":"3.4","UC95C":"9.6","UC95P":"4.6"},"Timestamp":"2022-04-01T06:31:15.710725954-04:00"}
{"Type":"Account Info","Data":{"Acct":{"Cash":"0","Positions":{}},"User":"Case2ExampleBot_1469"},"Timestamp":"2022-04-01T06:31:15.710835511-04:00"}
{"Type":"MarkPrices","Data":{"UC":"100.29","UC100C":"6.7","UC100P":"6.7","UC105C":"5","UC105P":"10","UC110C":"3.9","UC110P":"13.9","UC90C":"13.4","UC90P":"3.4","UC95C":"9.6","UC95P":"4.6"},"Timestamp":"2022-04-01T06:31:16.709661516-04:00"}
{"Type":"Account Info","Data":{"Acct":{"Cash":"0","Positions":{}},"User":"Case2ExampleBot_1469"},"Timestamp":"2022-04-01T06:31:16.709704596-04:00"}
{"Type":"MarkPrices","Data":{"UC":"100.38","UC100C":"6.7","UC100P":"6.7","UC105C":"5","UC105P":"10","UC110C":"3.9","UC110P":"13.9","UC90C":"13.4","UC90P":"3.4","UC95C":"9.6","UC95P":"4.6"},"Timestamp":"2022-04-01T06:31:17.710838867-04:00"}
{"Type":"Account Info","Data":{"Acct":{"Cash":"0","Positions":{}},"User":"Case2ExampleBot_1469"},"Timestamp":"2022-04-01T06:31:17.710923573-04:00"}
{"Type":"MarkPrices","Data":{"UC":"100.3","UC100C":"6.7","UC100P":"6.7","UC105C":"5","UC105P":"10","UC110C":"3.9","UC110P":"13.9","UC90C":"13.4","UC90P":"3.4","UC95C":"9.6","UC95P":"4.6"},"Timestamp":"2022-04-01T06:31:18.710618259-04:00"}
{"Type":"Account Info","Data":{"Acct":{"Cash":"0","Positions":{}},"User":"Case2ExampleBot_1469"},"Timestamp":"2022-04-01T06:31:18.710957193-04:00"}
{"Type":"MarkPrices","Data":{"UC":"100.49","UC100C":"6.7","UC100P":"6.7","UC105C":"5","UC105P":"10","UC110C":"3.9","UC110P":"13.9","UC90C":"13.4","UC90P":"3.4","UC95C":"9.6","UC95P":"4.6"},"Timestamp":"2022-04-01T06:31:19.710071947-04:00"}
{"Type":"Account Info","Data":{"Acct":{"Cash":"0","Positions":{}},"User":"Case2ExampleBot_1469"},"Timestamp":"2022-04-01T06:31:19.710153649-04:00"}
{"Type":"MarkPrices","Data":{"UC":"100.53","UC100C":"6.7","UC100P":"6.7","UC105C":"5","UC105P":"10","UC110C":"3.9","UC110P":"13.9","UC90C":"13.4","UC90P":"3.4","UC95C":"9.6","UC95P":"4.6"},"Timestamp":"2022-04-01T06:31:20.710690304-04:00"}
{"Type":"Account Info","Data":{"Acct":{"Cash":"0","Positions":{}},"User":"Case2ExampleBot_1469"},"Timestamp":"2022-04-01T06:31:20.710814307-04:00"}
{"Type":"MarkPrices","Data":{"UC":"100.61","UC100C":"6.7","UC100P":"6.7","UC105C":"5","UC105P":"10","UC110C":"3.9","UC110P":"13.9","UC90C":"13.4","UC90P":"3.4","UC95C":"9.6","UC95P":"4.6"},"Timestamp":"2022-04-01T06:31:21.709607843-04:00"}
{"Type":"Account Info","Data":{"Acct":{"Cash":"0","Positions":{}},"User":"Case2ExampleBot_1469"},"Timestamp":"2022-04-01T06:31:21.709680021-04:00"}
{"Type":"MarkPrices","Data":{"UC":"100.75","UC100C":"6.7","UC100P":"6.7","UC105C":"5","UC105P":"10","UC110C":"3.9","UC110P":"13.9","UC90C":"13.4","UC90P":"3.4","UC95C":"9.6","UC95P":"4.6"},"Timestamp":"2022-04-01T06:31:22.709990798-04:00"}
{"Type":"Account Info","Data":{"Acct":{"Cash":"0","Positions":{}},"User":"Case2ExampleBot_1469"},"Timestamp":"2022-04-01T06:31:22.710039359-04:00"}
{"Type":"MarkPrices","Data":{"UC":"100.63","UC100C":"6.7","UC100P":"6.7","UC105C":"5","UC105P":"10","UC110C":"3.9","UC110P":"13.9","UC90C":"13.4","UC90P":"3.4","UC95C":"9.6","UC95P":"4.6"},"Timestamp":"2022-04-01T06:31:23.710603458-04:00"}
{"Type":"Account Info","Data":{"Acct":{"Cash":"0","Positions":{}},"User":"Case2ExampleBot_1469"},"Timestamp":"2022-04-01T06:31:23.710665441-04:00"}
{"Type":"MarkPrices","Data":{"UC":"100.65","UC100C":"6.7","UC100P":"6.7","UC105C":"5","UC105P":"10","UC110C":"3.9","UC110P":"13.9","UC90C":"13.4","UC90P":"3.4","UC95C":"9.6","UC95P":"4.6"},"Timestamp":"2022-04-01T06:31:24.709899455-04:00"}
{"Type":"Account Info","Data":{"Acct":{"Cash":"0","Positions":{}},"User":"Case2ExampleBot_1469"},"Timestamp":"2022-04-01T06:31:24.709945515-04:00"}
{"Type":"MarkPrices","Data":{"UC":"100.72","UC100C":"6.7","UC100P":"6.7","UC105C":"5","UC105P":"10","UC110C":"3.9","UC110P":"13.9","UC90C":"13.4","UC90P":"3.4","UC95C":"9.6","UC95P":"4.6"},"Timestamp":"2022-04-01T06:31:25.710135867-04:00"}
{"Type":"Account Info","Data":{"Acct":{"Cash":"0","Positions":{}},"User":"Case2ExampleBot_1469"},"Timestamp":"2022-04-01T06:31:25.710212191-04:00"}
{"Type":"MarkPrices","Data":{"UC":"100.8","UC100C":"6.7","UC100P":"6.7","UC105C":"5","UC105P":"10","UC110C":"3.9","UC110P":"13.9","UC90C":"13.4","UC90P":"3.4","UC95C":"9.6","UC95P":"4.6"},"Timestamp":"2022-04-01T06:31:26.709514378-04:00"}
{"Type":"Account Info","Data":{"Acct":{"Cash":"0","Positions":{}},"User":"Case2ExampleBot_1469"},"Timestamp":"2022-04-01T06:31:26.709605375-04:00"}
{"Type":"MarkPrices","Data":{"UC":"100.75","UC100C":"6.7","UC100P":"6.7","UC105C":"5","UC105P":"10","UC110C":"3.9","UC110P":"13.9","UC90C":"13.4","UC90P":"3.4","UC95C":"9.6","UC95P":"4.6"},"Timestamp":"2022-04-01T06:31:27.710837946-04:00"}
{"Type":"Account Info","Data":{"Acct":{"Cash":"0","Positions":{}},"User":"Case2ExampleBot_1469"},"Timestamp":"2022-04-01T06:31:27.710935939-04:00"}
{"Type":"MarkPrices","Data":{"UC":"100.79","UC100C":"6.7","UC100P":"6.7","UC105C":"5","UC105P":"10","UC110C":"3.9","UC110P":"13.9","UC90C":"13.4","UC90P":"3.4","UC95C":"9.6","UC95P":"4.6"},"Timestamp":"2022-04-01T06:31:28.710166658-04:00"}
{"Type":"Account Info","Data":{"Acct":{"Cash":"0","Positions":{}},"User":"Case2ExampleBot_1469"},"Timestamp":"2022-04-01T06:31:28.710239835-04:00"}
{"Type":"MarkPrices","Data":{"UC":"100.84","UC100C":"6.7","UC100P":"6.7","UC105C":"5","UC105P":"10","UC110C":"3.9","UC110P":"13.9","UC90C":"13.4","UC90P":"3.4","UC95C":"9.6","UC95P":"4.6"},"Timestamp":"2022-04-01T06:31:29.709944872-04:00"}
{"Type":"Account Info","Data":{"Acct":{"Cash":"0","Positions":{}},"User":"Case2ExampleBot_1469"},"Timestamp":"2022-04-01T06:31:29.710018774-04:00"}
{"Type":"MarkPrices","Data":{"UC":"100.88","UC100C":"6.7","UC100P":"6.7","UC105C":"5","UC105P":"10","UC110C":"3.9","UC110P":"13.9","UC90C":"13.4","UC90P":"3.4","UC95C":"9.6","UC95P":"4.6"},"Timestamp":"2022-04-01T06:31:30.709913404-04:00"}
{"Type":"Account Info","Data":{"Acct":{"Cash":"0","Positions":{}},"User":"Case2ExampleBot_1469"},"Timestamp":"2022-04-01T06:31:30.71003064-04:00"}
{"Type":"MarkPrices","Data":{"UC":"101.06","UC100C":"6.7","UC100P":"6.7","UC105C":"5","UC105P":"10","UC110C":"3.9","UC110P":"13.9","UC90C":"13.4","UC90P":"3.4","UC95C":"9.6","UC95P":"4.6"},"Timestamp":"2022-04-01T06:31:31.710563031-04:00"}
{"Type":"Account Info","Data":{"Acct":{"Cash":"0","Positions":{}},"User":"Case2ExampleBot_1469"},"Timestamp":"2022-04-01T06:31:31.710688487-04:00"}
{"Type":"MarkPrices","Data":{"UC":"101.01","UC100C":"6.7","UC100P":"6.7","UC105C":"5","UC105P":"10","UC110C":"3.9","UC110P":"13.9","UC90C":"13.4","UC90P":"3.4","UC95C":"9.6","UC95P":"4.6"},"Timestamp":"2022-04-01T06:31:32.710076553-04:00"}
{"Type":"Account Info","Data":{"Acct":{"Cash":"0","Positions":{}},"User":"Case2ExampleBot_1469"},"Timestamp":"2022-04-01T06:31:32.71018309-04:00"}
{"Type":"MarkPrices","Data":{"UC":"100.88","UC100C":"6.7","UC100P":"6.7","UC105C":"5","UC105P":"10","UC110C":"3.9","UC110P":"13.9","UC90C":"13.4","UC90P":"3.4","UC95C":"9.6","UC95P":"4.6"},"Timestamp":"2022-04-01T06:31:33.710038254-04:00"}
{"Type":"Account Info","Data":{"Acct":{"Cash":"0","Positions":{}},"User":"Case2ExampleBot_1469"},"Timestamp":"2022-04-01T06:31:33.710152164-04:00"}
{"Type":"MarkPrices","Data":{"UC":"100.82","UC100C":"6.7","UC100P":"6.7","UC105C":"5","UC105P":"10","UC110C":"3.9","UC110P":"13.9","UC90C":"13.4","UC90P":"3.4","UC95C":"9.6","UC95P":"4.6"},"Timestamp":"2022-04-01T06:31:34.710280872-04:00"}
{"Type":"Account Info","Data":{"Acct":{"Cash":"0","Positions":{}},"User":"Case2ExampleBot_1469"},"Timestamp":"2022-04-01T06:31:34.710372175-04:00"}
{"Type":"MarkPrices","Data":{"UC":"100.78","UC100C":"6.7","UC100P":"6.7","UC105C":"5","UC105P":"10","UC110C":"3.9","UC110P":"13.9","UC90C":"13.4","UC90P":"3.4","UC95C":"9.6","UC95P":"4.6"},"Timestamp":"2022-04-01T06:31:35.710578967-04:00"}
{"Type":"Account Info","Data":{"Acct":{"Cash":"0","Positions":{}},"User":"Case2ExampleBot_1469"},"Timestamp":"2022-04-01T06:31:35.710803085-04:00"}
{"Type":"MarkPrices","Data":{"UC":"100.71","UC100C":"6.7","UC100P":"6.7","UC105C":"5","UC105P":"10","UC110C":"3.9","UC110P":"13.9","UC90C":"13.4","UC90P":"3.4","UC95C":"9.6","UC95P":"4.6"},"Timestamp":"2022-04-01T06:31:36.710140727-04:00"}
{"Type":"Account Info","Data":{"Acct":{"Cash":"0","Positions":{}},"User":"Case2ExampleBot_1469"},"Timestamp":"2022-04-01T06:31:36.710223397-04:00"}
{"Type":"MarkPrices","Data":{"UC":"100.82","UC100C":"6.7","UC100P":"6.7","UC105C":"5","UC105P":"10","UC110C":"3.9","UC110P":"13.9","UC90C":"13.4","UC90P":"3.4","UC95C":"9.6","UC95P":"4.6"},"Timestamp":"2022-04-01T06:31:37.710319848-04:00"}
{"Type":"Account Info","Data":{"Acct":{"Cash":"0","Positions":{}},"User":"Case2ExampleBot_1469"},"Timestamp":"2022-04-01T06:31:37.710409819-04:00"}
{"Type":"MarkPrices","Data":{"UC":"100.66","UC100C":"6.7","UC100P":"6.7","UC105C":"5","UC105P":"10","UC110C":"3.9","UC110P":"13.9","UC90C":"13.4","UC90P":"3.4","UC95C":"9.6","UC95P":"4.6"},"Timestamp":"2022-04-01T06:31:38.709619088-04:00"}
{"Type":"Account Info","Data":{"Acct":{"Cash":"0","Positions":{}},"User":"Case2ExampleBot_1469"},"Timestamp":"2022-04-01T06:31:38.709665528-04:00"}
{"Type":"MarkPrices","Data":{"UC":"100.52","UC100C":"6.7","UC100P":"6.7","UC105C":"5","UC105P":"10","UC110C":"3.9","UC110P":"13.9","UC90C":"13.4","UC90P":"3.4","UC95C":"9.6","UC95P":"4.6"},"Timestamp":"2022-04-01T06:31:39.709508152-04:00"}
{"Type":"Account Info","Data":{"Acct":{"Cash":"0","Positions":{}},"User":"Case2ExampleBot_1469"},"Timestamp":"2022-04-01T06:31:39.709575255-04:00"}
{"Type":"MarkPrices","Data":{"UC":"100.5","UC100C":"6.7","UC100P":"6.7","UC105C":"5","UC105P":"10","UC110C":"3.9","UC110P":"13.9","UC90C":"13.4","UC90P":"3.4","UC95C":"9.6","UC95P":"4.6"},"Timestamp":"2022-04-01T06:31:40.710296645-04:00"}
{"Type":"Account Info","Data":{"Acct":{"Cash":"0","Positions":{}},"User":"Case2ExampleBot_1469"},"Timestamp":"2022-04-01T06:31:40.710377643-04:00"}
{"Type":"MarkPrices","Data":{"UC":"100.63","UC100C":"6.7","UC100P":"6.7","UC105C":"5","UC105P":"10","UC110C":"3.9","UC110P":"13.9","UC90C":"13.4","UC90P":"3.4","UC95C":"9.6","UC95P":"4.6"},"Timestamp":"2022-04-01T06:31:41.709574402-04:00"}
{"Type":"Account Info","Data":{"Acct":{"Cash":"0","Positions":{}},"User":"Case2ExampleBot_1469"},"Timestamp":"2022-04-01T06:31:41.709675003-04:00"}
{"Type":"MarkPrices","Data":{"UC":"100.83","UC100C":"6.7","UC100P":"6.7","UC105C":"5","UC105P":"10","UC110C":"3.9","UC110P":"13.9","UC90C":"13.4","UC90P":"3.4","UC95C":"9.6","UC95P":"4.6"},"Timestamp":"2022-04-01T06:31:42.709876033-04:00"}
{"Type":"Account Info","Data":{"Acct":{"Cash":"0","Positions":{}},"User":"Case2ExampleBot_1469"},"Timestamp":"2022-04-01T06:31:42.710092852-04:00"}
{"Type":"MarkPrices","Data":{"UC":"100.93","UC100C":"6.7","UC100P":"6.7","UC105C":"5","UC105P":"10","UC110C":"3.9","UC110P":"13.9","UC90C":"13.4","UC90P":"3.4","UC95C":"9.6","UC95P":"4.6"},"Timestamp":"2022-04-01T06:31:43.710238023-04:00"}
{"Type":"Account Info","Data":{"Acct":{"Cash":"0","Positions":{}},"User":"Case2ExampleBot_1469"},"Timestamp":"2022-04-01T06:31:43.710361467-04:00"}
{"Type":"MarkPrices","Data":{"UC":"100.95","UC100C":"6.7","UC100P":"6.7","UC105C":"5","UC105P":"10","UC110C":"3.9","UC110P":"13.9","UC90C":"13.4","UC90P":"3.4","UC95C":"9.6","UC95P":"4.6"},"Timestamp":"2022-04-01T06:31:44.709850221-04:00"}
{"Type":"Account Info","Data":{"Acct":{"Cash":"0","Positions":{}},"User":"Case2ExampleBot_1469"},"Timestamp":"2022-04-01T06:31:44.709899604-04:00"}
{"Type":"MarkPrices","Data":{"UC":"100.94","UC100C":"6.7","UC100P":"6.7","UC105C":"5","UC105P":"10","UC110C":"3.9","UC110P":"13.9","UC90C":"13.4","UC90P":"3.4","UC95C":"9.6","UC95P":"4.6"},"Timestamp":"2022-04-01T06:31:45.709687507-04:00"}
{"Type":"Account Info","Data":{"Acct":{"Cash":"0","Positions":{}},"User":"Case2ExampleBot_1469"},"Timestamp":"2022-04-01T06:31:45.70983484-04:00"}
{"Type":"MarkPrices","Data":{"UC":"100.88","UC100C":"6.7","UC100P":"6.7","UC105C":"5","UC105P":"10","UC110C":"3.9","UC110P":"13.9","UC90C":"13.4","UC90P":"3.4","UC95C":"9.6","UC95P":"4.6"},"Timestamp":"2022-04-01T06:31:46.710671243-04:00"}
{"Type":"Account Info","Data":{"Acct":{"Cash":"0","Positions":{}},"User":"Case2ExampleBot_1469"},"Timestamp":"2022-04-01T06:31:46.710794685-04:00"}
{"Type":"MarkPrices","Data":{"UC":"100.99","UC100C":"6.7","UC100P":"6.7","UC105C":"5","UC105P":"10","UC110C":"3.9","UC110P":"13.9","UC90C":"13.4","UC90P":"3.4","UC95C":"9.6","UC95P":"4.6"},"Timestamp":"2022-04-01T06:31:47.710216024-04:00"}
{"Type":"Account Info","Data":{"Acct":{"Cash":"0","Positions":{}},"User":"Case2ExampleBot_1469"},"Timestamp":"2022-04-01T06:31:47.710276885-04:00"}
{"Type":"MarkPrices","Data":{"UC":"101.02","UC100C":"6.7","UC100P":"6.7","UC105C":"5","UC105P":"10","UC110C":"3.9","UC110P":"13.9","UC90C":"13.4","UC90P":"3.4","UC95C":"9.6","UC95P":"4.6"},"Timestamp":"2022-04-01T06:31:48.71039913-04:00"}
{"Type":"Account Info","Data":{"Acct":{"Cash":"0","Positions":{}},"User":"Case2ExampleBot_1469"},"Timestamp":"2022-04-01T06:31:48.710490333-04:00"}
{"Type":"MarkPrices","Data":{"UC":"101.02","UC100C":"6.7","UC100P":"6.7","UC105C":"5","UC105P":"10","UC110C":"3.9","UC110P":"13.9","UC90C":"13.4","UC90P":"3.4","UC95C":"9.6","UC95P":"4.6"},"Timestamp":"2022-04-01T06:31:49.710633565-04:00"}
{"Type":"Account Info","Data":{"Acct":{"Cash":"0","Positions":{}},"User":"Case2ExampleBot_1469"},"Timestamp":"2022-04-01T06:31:49.71070473-04:00"}
{"Type":"MarkPrices","Data":{"UC":"101.17","UC100C":"6.7","UC100P":"6.7","UC105C":"5","UC105P":"10","UC110C":"3.9","UC110P":"13.9","UC90C":"13.4","UC90P":"3.4","UC95C":"9.6","UC95P":"4.6"},"Timestamp":"2022-04-01T06:31:50.710591821-04:00"}
{"Type":"Account Info","Data":{"Acct":{"Cash":"0","Positions":{}},"User":"Case2ExampleBot_1469"},"Timestamp":"2022-04-01T06:31:50.710637873-04:00"}
{"Type":"MarkPrices","Data":{"UC":"101.16","UC100C":"6.7","UC100P":"6.7","UC105C":"5","UC105P":"10","UC110C":"3.9","UC110P":"13.9","UC90C":"13.4","UC90P":"3.4","UC95C":"9.6","UC95P":"4.6"},"Timestamp":"2022-04-01T06:31:51.710014877-04:00"}
{"Type":"Account Info","Data":{"Acct":{"Cash":"0","Positions":{}},"User":"Case2ExampleBot_1469"},"Timestamp":"2022-04-01T06:31:51.710126543-04:00"}
{"Type":"MarkPrices","Data":{"UC":"101.32","UC100C":"6.7","UC100P":"6.7","UC105C":"5","UC105P":"10","UC110C":"3.9","UC110P":"13.9","UC90C":"13.4","UC90P":"3.4","UC95C":"9.6","UC95P":"4.6"},"Timestamp":"2022-04-01T06:31:52.710523415-04:00"}
{"Type":"Account Info","Data":{"Acct":{"Cash":"0","Positions":{}},"User":"Case2ExampleBot_1469"},"Timestamp":"2022-04-01T06:31:52.710621032-04:00"}
{"Type":"MarkPrices","Data":{"UC":"101.23","UC100C":"6.7","UC100P":"6.7","UC105C":"5","UC105P":"10","UC110C":"3.9","UC110P":"13.9","UC90C":"13.4","UC90P":"3.4","UC95C":"9.6","UC95P":"4.6"},"Timestamp":"2022-04-01T06:31:53.710428727-04:00"}
{"Type":"Account Info","Data":{"Acct":{"Cash":"0","Positions":{}},"User":"Case2ExampleBot_1469"},"Timestamp":"2022-04-01T06:31:53.710472866-04:00"}
{"Type":"MarkPrices","Data":{"UC":"101.2","UC100C":"6.7","UC100P":"6.7","UC105C":"5","UC105P":"10","UC110C":"3.9","UC110P":"13.9","UC90C":"13.4","UC90P":"3.4","UC95C":"9.6","UC95P":"4.6"},"Timestamp":"2022-04-01T06:31:54.710463847-04:00"}
{"Type":"Account Info","Data":{"Acct":{"Cash":"0","Positions":{}},"User":"Case2ExampleBot_1469"},"Timestamp":"2022-04-01T06:31:54.710521745-04:00"}
{"Type":"MarkPrices","Data":{"UC":"101.21","UC100C":"6.7","UC100P":"6.7","UC105C":"5","UC105P":"10","UC110C":"3.9","UC110P":"13.9","UC90C":"13.4","UC90P":"3.4","UC95C":"9.6","UC95P":"4.6"},"Timestamp":"2022-04-01T06:31:55.709545584-04:00"}
{"Type":"Account Info","Data":{"Acct":{"Cash":"0","Positions":{}},"User":"Case2ExampleBot_1469"},"Timestamp":"2022-04-01T06:31:55.709649902-04:00"}
{"Type":"MarkPrices","Data":{"UC":"101.21","UC100C":"6.7","UC100P":"6.7","UC105C":"5","UC105P":"10","UC110C":"3.9","UC110P":"13.9","UC90C":"13.4","UC90P":"3.4","UC95C":"9.6","UC95P":"4.6"},"Timestamp":"2022-04-01T06:31:56.710449472-04:00"}
{"Type":"Account Info","Data":{"Acct":{"Cash":"0","Positions":{}},"User":"Case2ExampleBot_1469"},"Timestamp":"2022-04-01T06:31:56.710536975-04:00"}
{"Type":"MarkPrices","Data":{"UC":"101.29","UC100C":"6.7","UC100P":"6.7","UC105C":"5","UC105P":"10","UC110C":"3.9","UC110P":"13.9","UC90C":"13.4","UC90P":"3.4","UC95C":"9.6","UC95P":"4.6"},"Timestamp":"2022-04-01T06:31:57.710416947-04:00"}
{"Type":"Account Info","Data":{"Acct":{"Cash":"0","Positions":{}},"User":"Case2ExampleBot_1469"},"Timestamp":"2022-04-01T06:31:57.710628438-04:00"}
{"Type":"MarkPrices","Data":{"UC":"101.45","UC100C":"6.7","UC100P":"6.7","UC105C":"5","UC105P":"10","UC110C":"3.9","UC110P":"13.9","UC90C":"13.4","UC90P":"3.4","UC95C":"9.6","UC95P":"4.6"},"Timestamp":"2022-04-01T06:31:58.710348223-04:00"}
{"Type":"Account Info","Data":{"Acct":{"Cash":"0","Positions":{}},"User":"Case2ExampleBot_1469"},"Timestamp":"2022-04-01T06:31:58.710446996-04:00"}
{"Type":"MarkPrices","Data":{"UC":"101.51","UC100C":"6.7","UC100P":"6.7","UC105C":"5","UC105P":"10","UC110C":"3.9","UC110P":"13.9","UC90C":"13.4","UC90P":"3.4","UC95C":"9.6","UC95P":"4.6"},"Timestamp":"2022-04-01T06:31:59.709964435-04:00"}
{"Type":"Account Info","Data":{"Acct":{"Cash":"0","Positions":{}},"User":"Case2ExampleBot_1469"},"Timestamp":"2022-04-01T06:31:59.710002519-04:00"}
{"Type":"MarkPrices","Data":{"UC":"101.55","UC100C":"6.7","UC100P":"6.7","UC105C":"5","UC105P":"10","UC110C":"3.9","UC110P":"13.9","UC90C":"13.4","UC90P":"3.4","UC95C":"9.6","UC95P":"4.6"},"Timestamp":"2022-04-01T06:32:00.710375083-04:00"}
{"Type":"Account Info","Data":{"Acct":{"Cash":"0","Positions":{}},"User":"Case2ExampleBot_1469"},"Timestamp":"2022-04-01T06:32:00.710499177-04:00"}
{"Type":"MarkPrices","Data":{"UC":"101.5","UC100C":"6.7","UC100P":"6.7","UC105C":"5","UC105P":"10","UC110C":"3.9","UC110P":"13.9","UC90C":"13.4","UC90P":"3.4","UC95C":"9.6","UC95P":"4.6"},"Timestamp":"2022-04-01T06:32:01.71054974-04:00"}
{"Type":"Account Info","Data":{"Acct":{"Cash":"0","Positions":{}},"User":"Case2ExampleBot_1469"},"Timestamp":"2022-04-01T06:32:01.710625859-04:00"}
{"Type":"MarkPrices","Data":{"UC":"101.51","UC100C":"6.7","UC100P":"6.7","UC105C":"5","UC105P":"10","UC110C":"3.9","UC110P":"13.9","UC90C":"13.4","UC90P":"3.4","UC95C":"9.6","UC95P":"4.6"},"Timestamp":"2022-04-01T06:32:02.710076407-04:00"}
{"Type":"Account Info","Data":{"Acct":{"Cash":"0","Positions":{}},"User":"Case2ExampleBot_1469"},"Timestamp":"2022-04-01T06:32:02.710128248-04:00"}
{"Type":"MarkPrices","Data":{"UC":"101.43","UC100C":"6.7","UC100P":"6.7","UC105C":"5","UC105P":"10","UC110C":"3.9","UC110P":"13.9","UC90C":"13.4","UC90P":"3.4","UC95C":"9.6","UC95P":"4.6"},"Timestamp":"2022-04-01T06:32:03.710599274-04:00"}
{"Type":"Account Info","Data":{"Acct":{"Cash":"0","Positions":{}},"User":"Case2ExampleBot_1469"},"Timestamp":"2022-04-01T06:32:03.710662644-04:00"}
{"Type":"MarkPrices","Data":{"UC":"101.32","UC100C":"6.7","UC100P":"6.7","UC105C":"5","UC105P":"10","UC110C":"3.9","UC110P":"13.9","UC90C":"13.4","UC90P":"3.4","UC95C":"9.6","UC95P":"4.6"},"Timestamp":"2022-04-01T06:32:04.710486383-04:00"}
{"Type":"Account Info","Data":{"Acct":{"Cash":"0","Positions":{}},"User":"Case2ExampleBot_1469"},"Timestamp":"2022-04-01T06:32:04.710614504-04:00"}
{"Type":"MarkPrices","Data":{"UC":"101.59","UC100C":"6.7","UC100P":"6.7","UC105C":"5","UC105P":"10","UC110C":"3.9","UC110P":"13.9","UC90C":"13.4","UC90P":"3.4","UC95C":"9.6","UC95P":"4.6"},"Timestamp":"2022-04-01T06:32:05.710375098-04:00"}
{"Type":"Account Info","Data":{"Acct":{"Cash":"0","Positions":{}},"User":"Case2ExampleBot_1469"},"Timestamp":"2022-04-01T06:32:05.710469495-04:00"}
{"Type":"MarkPrices","Data":{"UC":"101.76","UC100C":"6.7","UC100P":"6.7","UC105C":"5","UC105P":"10","UC110C":"3.9","UC110P":"13.9","UC90C":"13.4","UC90P":"3.4","UC95C":"9.6","UC95P":"4.6"},"Timestamp":"2022-04-01T06:32:06.709578231-04:00"}
{"Type":"Account Info","Data":{"Acct":{"Cash":"0","Positions":{}},"User":"Case2ExampleBot_1469"},"Timestamp":"2022-04-01T06:32:06.709663156-04:00"}
{"Type":"MarkPrices","Data":{"UC":"101.67","UC100C":"6.7","UC100P":"6.7","UC105C":"5","UC105P":"10","UC110C":"3.9","UC110P":"13.9","UC90C":"13.4","UC90P":"3.4","UC95C":"9.6","UC95P":"4.6"},"Timestamp":"2022-04-01T06:32:07.710334331-04:00"}
{"Type":"Account Info","Data":{"Acct":{"Cash":"0","Positions":{}},"User":"Case2ExampleBot_1469"},"Timestamp":"2022-04-01T06:32:07.710421383-04:00"}
{"Type":"MarkPrices","Data":{"UC":"101.81","UC100C":"6.7","UC100P":"6.7","UC105C":"5","UC105P":"10","UC110C":"3.9","UC110P":"13.9","UC90C":"13.4","UC90P":"3.4","UC95C":"9.6","UC95P":"4.6"},"Timestamp":"2022-04-01T06:32:08.709883624-04:00"}
{"Type":"Account Info","Data":{"Acct":{"Cash":"0","Positions":{}},"User":"Case2ExampleBot_1469"},"Timestamp":"2022-04-01T06:32:08.709967505-04:00"}
{"Type":"MarkPrices","Data":{"UC":"101.95","UC100C":"6.7","UC100P":"6.7","UC105C":"5","UC105P":"10","UC110C":"3.9","UC110P":"13.9","UC90C":"13.4","UC90P":"3.4","UC95C":"9.6","UC95P":"4.6"},"Timestamp":"2022-04-01T06:32:09.710243316-04:00"}
{"Type":"Account Info","Data":{"Acct":{"Cash":"0","Positions":{}},"User":"Case2ExampleBot_1469"},"Timestamp":"2022-04-01T06:32:09.710461337-04:00"}
{"Type":"MarkPrices","Data":{"UC":"101.83","UC100C":"6.7","UC100P":"6.7","UC105C":"5","UC105P":"10","UC110C":"3.9","UC110P":"13.9","UC90C":"13.4","UC90P":"3.4","UC95C":"9.6","UC95P":"4.6"},"Timestamp":"2022-04-01T06:32:10.710057794-04:00"}
{"Type":"Account Info","Data":{"Acct":{"Cash":"0","Positions":{}},"User":"Case2ExampleBot_1469"},"Timestamp":"2022-04-01T06:32:10.7101992-04:00"}
{"Type":"MarkPrices","Data":{"UC":"101.71","UC100C":"6.7","UC100P":"6.7","UC105C":"5","UC105P":"10","UC110C":"3.9","UC110P":"13.9","UC90C":"13.4","UC90P":"3.4","UC95C":"9.6","UC95P":"4.6"},"Timestamp":"2022-04-01T06:32:11.70953646-04:00"}
{"Type":"Account Info","Data":{"Acct":{"Cash":"0","Positions":{}},"User":"Case2ExampleBot_1469"},"Timestamp":"2022-04-01T06:32:11.709626527-04:00"}
{"Type":"MarkPrices","Data":{"UC":"101.72","UC100C":"6.7","UC100P":"6.7","UC105C":"5","UC105P":"10","UC110C":"3.9","UC110P":"13.9","UC90C":"13.4","UC90P":"3.4","UC95C":"9.6","UC95P":"4.6"},"Timestamp":"2022-04-01T06:32:12.709602331-04:00"}
{"Type":"Account Info","Data":{"Acct":{"Cash":"0","Positions":{}},"User":"Case2ExampleBot_1469"},"Timestamp":"2022-04-01T06:32:12.709697133-04:00"}
{"Type":"MarkPrices","Data":{"UC":"101.97","UC100C":"6.7","UC100P":"6.7","UC105C":"5","UC105P":"10","UC110C":"3.9","UC110P":"13.9","UC90C":"13.4","UC90P":"3.4","UC95C":"9.6","UC95P":"4.6"},"Timestamp":"2022-04-01T06:32:13.710171043-04:00"}
{"Type":"Account Info","Data":{"Acct":{"Cash":"0","Positions":{}},"User":"Case2ExampleBot_1469"},"Timestamp":"2022-04-01T06:32:13.710261627-04:00"}
{"Type":"MarkPrices","Data":{"UC":"101.85","UC100C":"6.7","UC100P":"6.7","UC105C":"5","UC105P":"10","UC110C":"3.9","UC110P":"13.9","UC90C":"13.4","UC90P":"3.4","UC95C":"9.6","UC95P":"4.6"},"Timestamp":"2022-04-01T06:32:14.70991412-04:00"}
{"Type":"Account Info","Data":{"Acct":{"Cash":"0","Positions":{}},"User":"Case2ExampleBot_1469"},"Timestamp":"2022-04-01T06:32:14.709949466-04:00"}
{"Type":"MarkPrices","Data":{"UC":"101.75","UC100C":"6.7","UC100P":"6.7","UC105C":"5","UC105P":"10","UC110C":"3.9","UC110P":"13.9","UC90C":"13.4","UC90P":"3.4","UC95C":"9.6","UC95P":"4.6"},"Timestamp":"2022-04-01T06:32:15.709967043-04:00"}
{"Type":"Account Info","Data":{"Acct":{"Cash":"0","Positions":{}},"User":"Case2ExampleBot_1469"},"Timestamp":"2022-04-01T06:32:15.710105061-04:00"}
{"Type":"MarkPrices","Data":{"UC":"101.89","UC100C":"6.7","UC100P":"6.7","UC105C":"5","UC105P":"10","UC110C":"3.9","UC110P":"13.9","UC90C":"13.4","UC90P":"3.4","UC95C":"9.6","UC95P":"4.6"},"Timestamp":"2022-04-01T06:32:16.70981703-04:00"}
{"Type":"Account Info","Data":{"Acct":{"Cash":"0","Positions":{}},"User":"Case2ExampleBot_1469"},"Timestamp":"2022-04-01T06:32:16.709910731-04:00"}
{"Type":"MarkPrices","Data":{"UC":"102.03","UC100C":"6.7","UC100P":"6.7","UC105C":"5","UC105P":"10","UC110C":"3.9","UC110P":"13.9","UC90C":"13.4","UC90P":"3.4","UC95C":"9.6","UC95P":"4.6"},"Timestamp":"2022-04-01T06:32:17.709830208-04:00"}
{"Type":"Account Info","Data":{"Acct":{"Cash":"0","Positions":{}},"User":"Case2ExampleBot_1469"},"Timestamp":"2022-04-01T06:32:17.709914302-04:00"}
{"Type":"MarkPrices","Data":{"UC":"102.01","UC100C":"6.7","UC100P":"6.7","UC105C":"5","UC105P":"10","UC110C":"3.9","UC110P":"13.9","UC90C":"13.4","UC90P":"3.4","UC95C":"9.6","UC95P":"4.6"},"Timestamp":"2022-04-01T06:32:18.709992337-04:00"}
{"Type":"Account Info","Data":{"Acct":{"Cash":"0","Positions":{}},"User":"Case2ExampleBot_1469"},"Timestamp":"2022-04-01T06:32:18.710104554-04:00"}
{"Type":"MarkPrices","Data":{"UC":"102.21","UC100C":"6.7","UC100P":"6.7","UC105C":"5","UC105P":"10","UC110C":"3.9","UC110P":"13.9","UC90C":"13.4","UC90P":"3.4","UC95C":"9.6","UC95P":"4.6"},"Timestamp":"2022-04-01T06:32:19.710200895-04:00"}
{"Type":"Account Info","Data":{"Acct":{"Cash":"0","Positions":{}},"User":"Case2ExampleBot_1469"},"Timestamp":"2022-04-01T06:32:19.710368834-04:00"}
{"Type":"MarkPrices","Data":{"UC":"102.31","UC100C":"6.7","UC100P":"6.7","UC105C":"5","UC105P":"10","UC110C":"3.9","UC110P":"13.9","UC90C":"13.4","UC90P":"3.4","UC95C":"9.6","UC95P":"4.6"},"Timestamp":"2022-04-01T06:32:20.709554499-04:00"}
{"Type":"Account Info","Data":{"Acct":{"Cash":"0","Positions":{}},"User":"Case2ExampleBot_1469"},"Timestamp":"2022-04-01T06:32:20.709648106-04:00"}
{"Type":"MarkPrices","Data":{"UC":"102.32","UC100C":"6.7","UC100P":"6.7","UC105C":"5","UC105P":"10","UC110C":"3.9","UC110P":"13.9","UC90C":"13.4","UC90P":"3.4","UC95C":"9.6","UC95P":"4.6"},"Timestamp":"2022-04-01T06:32:21.709520638-04:00"}
{"Type":"Account Info","Data":{"Acct":{"Cash":"0","Positions":{}},"User":"Case2ExampleBot_1469"},"Timestamp":"2022-04-01T06:32:21.709632148-04:00"}
{"Type":"MarkPrices","Data":{"UC":"102.26","UC100C":"6.7","UC100P":"6.7","UC105C":"5","UC105P":"10","UC110C":"3.9","UC110P":"13.9","UC90C":"13.4","UC90P":"3.4","UC95C":"9.6","UC95P":"4.6"},"Timestamp":"2022-04-01T06:32:22.71028068-04:00"}
{"Type":"Account Info","Data":{"Acct":{"Cash":"-1520","Positions":{"UC100P":4}},"User":"Case2ExampleBot_1469"},"Timestamp":"2022-04-01T06:32:22.710386461-04:00"}
{"Type":"MarkPrices","Data":{"UC":"102.29","UC100C":"6.7","UC100P":"6.7","UC105C":"5","UC105P":"10","UC110C":"3.9","UC110P":"13.9","UC90C":"13.4","UC90P":"3.4","UC95C":"9.6","UC95P":"4.6"},"Timestamp":"2022-04-01T06:32:23.709759463-04:00"}
{"Type":"Account Info","Data":{"Acct":{"Cash":"-1520","Positions":{"UC100P":4}},"User":"Case2ExampleBot_1469"},"Timestamp":"2022-04-01T06:32:23.70981943-04:00"}
{"Type":"MarkPrices","Data":{"UC":"102.05","UC100C":"6.7","UC100P":"6.7","UC105C":"5","UC105P":"10","UC110C":"3.9","UC110P":"13.9","UC90C":"13.4","UC90P":"3.4","UC95C":"9.6","UC95P":"4.6"},"Timestamp":"2022-04-01T06:32:24.709890543-04:00"}
{"Type":"Account Info","Data":{"Acct":{"Cash":"-1520","Positions":{"UC100P":4}},"User":"Case2ExampleBot_1469"},"Timestamp":"2022-04-01T06:32:24.709998773-04:00"}
{"Type":"MarkPrices","Data":{"UC":"102","UC100C":"6.7","UC100P":"6.7","UC105C":"5","UC105P":"10","UC110C":"3.9","UC110P":"13.9","UC90C":"13.4","UC90P":"3.4","UC95C":"9.6","UC95P":"4.6"},"Timestamp":"2022-04-01T06:32:25.710128827-04:00"}
{"Type":"Account Info","Data":{"Acct":{"Cash":"-1520","Positions":{"UC100P":4}},"User":"Case2ExampleBot_1469"},"Timestamp":"2022-04-01T06:32:25.710199663-04:00"}
{"Type":"MarkPrices","Data":{"UC":"101.97","UC100C":"6.7","UC100P":"6.7","UC105C":"5","UC105P":"10","UC110C":"3.9","UC110P":"13.9","UC90C":"13.4","UC90P":"3.4","UC95C":"9.6","UC95P":"4.6"},"Timestamp":"2022-04-01T06:32:26.709819425-04:00"}
{"Type":"Account Info","Data":{"Acct":{"Cash":"-1520","Positions":{"UC100P":4}},"User":"Case2ExampleBot_1469"},"Timestamp":"2022-04-01T06:32:26.709882424-04:00"}
{"Type":"MarkPrices","Data":{"UC":"101.98","UC100C":"6.7","UC100P":"6.7","UC105C":"5","UC105P":"10","UC110C":"3.9","UC110P":"13.9","UC90C":"13.4","UC90P":"3.4","UC95C":"9.6","UC95P":"4.6"},"Timestamp":"2022-04-01T06:32:27.710666527-04:00"}
{"Type":"Account Info","Data":{"Acct":{"Cash":"-1520","Positions":{"UC100P":4}},"User":"Case2ExampleBot_1469"},"Timestamp":"2022-04-01T06:32:27.710766942-04:00"}
{"Type":"MarkPrices","Data":{"UC":"102.01","UC100C":"6.7","UC100P":"6.7","UC105C":"5","UC105P":"10","UC110C":"3.9","UC110P":"13.9","UC90C":"13.4","UC90P":"3.4","UC95C":"9.6","UC95P":"4.6"},"Timestamp":"2022-04-01T06:32:28.710672279-04:00"}
{"Type":"Account Info","Data":{"Acct":{"Cash":"-3040","Positions":{"UC100P":8}},"User":"Case2ExampleBot_1469"},"Timestamp":"2022-04-01T06:32:28.710770329-04:00"}
{"Type":"MarkPrices","Data":{"UC":"102.05","UC100C":"6.7","UC100P":"6.7","UC105C":"5","UC105P":"10","UC110C":"3.9","UC110P":"13.9","UC90C":"13.4","UC90P":"3.4","UC95C":"9.6","UC95P":"4.6"},"Timestamp":"2022-04-01T06:32:29.710460425-04:00"}
{"Type":"Account Info","Data":{"Acct":{"Cash":"-3800","Positions":{"UC100P":10}},"User":"Case2ExampleBot_1469"},"Timestamp":"2022-04-01T06:32:29.71051974-04:00"}
{"Type":"MarkPrices","Data":{"UC":"102.09","UC100C":"6.7","UC100P":"6.7","UC105C":"5","UC105P":"10","UC110C":"3.9","UC110P":"13.9","UC90C":"13.4","UC90P":"3.4","UC95C":"9.6","UC95P":"4.6"},"Timestamp":"2022-04-01T06:32:30.710227699-04:00"}
{"Type":"Account Info","Data":{"Acct":{"Cash":"-4560","Positions":{"UC100P":12}},"User":"Case2ExampleBot_1469"},"Timestamp":"2022-04-01T06:32:30.710287756-04:00"}
{"Type":"MarkPrices","Data":{"UC":"102.01","UC100C":"6.7","UC100P":"6.7","UC105C":"5","UC105P":"10","UC110C":"3.9","UC110P":"13.9","UC90C":"13.4","UC90P":"3.4","UC95C":"9.6","UC95P":"4.6"},"Timestamp":"2022-04-01T06:32:31.709947118-04:00"}
{"Type":"Account Info","Data":{"Acct":{"Cash":"-5320","Positions":{"UC100P":14}},"User":"Case2ExampleBot_1469"},"Timestamp":"2022-04-01T06:32:31.710138729-04:00"}
{"Type":"MarkPrices","Data":{"UC":"102.02","UC100C":"6.7","UC100P":"6.7","UC105C":"5","UC105P":"10","UC110C":"3.9","UC110P":"13.9","UC90C":"13.4","UC90P":"3.4","UC95C":"9.6","UC95P":"4.6"},"Timestamp":"2022-04-01T06:32:32.709983161-04:00"}
{"Type":"Account Info","Data":{"Acct":{"Cash":"-7600","Positions":{"UC100P":20}},"User":"Case2ExampleBot_1469"},"Timestamp":"2022-04-01T06:32:32.710096549-04:00"}
